<?xml version="1.0" encoding="ISO-8859-1" ?>
<!DOCTYPE html PUBLIC "-//W3C//DTD XHTML 1.0 Strict//EN"
"http://www.w3.org/TR/xhtml1/DTD/xhtml1-strict.dtd">
<html xmlns="http://www.w3.org/1999/xhtml" xml:lang="en" lang="en">
<head>
  <meta http-equiv="Content-Type" content="text/html;charset=utf-8" />
  <meta name="description" content="TestNG unit test results." />
  <link href="css/bootstrap.min.css" rel="stylesheet" />
  <link href="css/reportngClass.css" rel="stylesheet" />
  <script type="text/javascript" src="js/reportngClass.js"></script>
  <script type="text/javascript" src="js/jquery-1.4.4.min.js"></script> 
  <script type="text/javascript" src="js/jquery.tablesorter.min.js"></script>
  <script type="text/javascript" src="js/json-min.js"></script>
  <script type="text/javascript">
	$(document).ready(function(){
		$('.tablesorter').tablesorter({sortList: [[0,0]]});
	});
  </script>
</head>
<body onload="doParse(); return false;" onkeypress="collapseExpand();">
<div class="well well-large">
	<b>Test Info</>
	<table class="table">
	  <tr>
	    <th>Test Name : </th>
	    <th>
	    	<div class="tooltipCustom">
	    		<img src="images/copy.png" width="10" height="15" alt="Copy to Clipboard" onclick="copyToClipboard('#testNameId')"/>
	    		<span class="tooltiptextCustom">Copy Test name</span>
			</div>
	    </th>
	    <th id="testNameId">Testsample1</th> 
	  </tr>
	  <tr>
	    <th>Test Class : </th>
	    <th>
	    	<div class="tooltipCustom">
	    		<img src="images/copy.png" width="10" height="15" alt="Copy to Clipboard" onclick="copyToClipboard('#testClassId')"/>
	    		<span class="tooltiptextCustom">Copy full path Class name</span>
			</div>
	    	<div class="tooltipCustom">
	    		<img src="images/copy.png" width="10" height="15" alt="Copy to Clipboard" onclick="copyToClipboard('#testClassNameId')"/>
	    		<span class="tooltiptextCustom">Copy Class name</span>
			</div>
	    </th> 
	    <th id="testClassId">TestCaseDemo.Test1<br>TestCaseDemo.test2<br>TestCaseDemo.Test3<br></th>
	    <th id="testClassNameId" hidden="true">Test1<br>test2<br>Test3<br></th>
	  </tr>
	  <tr>
	    <th>Suite Name : </th>
	    <th>
	    	<div class="tooltipCustom">
	    		<img src="images/copy.png" width="10" height="15" alt="Copy to Clipboard" onclick="copyToClipboard('#suiteNameId')"/>
	    		<span class="tooltiptextCustom">Copy Suite name</span>
			</div>
		</th>
	    <th id="suiteNameId">Suite</th>
	  </tr>
	  <tr>
	    <th>Suite XML : </th>
	    <th>
	    	<div class="tooltipCustom">
	    		<img src="images/copy.png" width="10" height="15" alt="Copy to Clipboard" onclick="copyToClipboard('#suiteXMLId')"/>
	    		<span class="tooltiptextCustom">Copy Suite full path name</span>
			</div>
	    	<div class="tooltipCustom">
	    		<img src="images/copy.png" width="10" height="15" alt="Copy to Clipboard" onclick="copyToClipboard('#suiteXMLNameId')"/>
	    		<span class="tooltiptextCustom">Copy Suite file name</span>
			</div>
	    </th> 
	  	<th id="suiteXMLId">C:\Users\svs deepak\eclipse-workspace\Seleniumjavaconcepts\testng.xml</th>
	  	<th id="suiteXMLNameId" hidden="true">testng.xml</th>
	  </tr>
	  	  <tr>
	    <th>Total Time : </th>
	    <th></th>
	    <th>00:00:14</th> 
	  </tr>
	  <tr>
	    <th>Total Steps : </th>
	   	<th></th>
	    <th>3</th> 
	  </tr>
	  <tr>
	    <th>Status : </th>
	    <th></th>
	    <th><font color="red">FAIL</font></th> 
	  </tr>
	</table>
</div>
<div class="well well-large">
	<div class="row">
		<div class="col-xs-12">
	        <div class="text-right">
	            <button id="hideResults" type="button" class="btn-danger" onclick="collapseExpand(this);" onkeypress="collapseExpand(this);" class="btn pull-right" title="Click or Press Any key to collapse/expand All Failed Tests and Configuration Methods">Show Only Failures</button>
	        </div>
	    </div>
	</div>
	<table class="tablesorter" border="1">
		<thead>
		<tr>
		<th class="headerTime">Time</th>
		<th class="headerTime" width="12%">Info</th>
		<th class="headerTime" width="88%">Test</th>
		</tr>
		</thead>
		<tbody>
		
				
				
																				
											<tr>
	<td class="time">1741156258246</td>
	<td class="header failed" colspan="4" onClick="toggleElement('2262896d-1fa1-4520-8ad9-9dbcaffdd95b','block');changeSingleIcon('span-2262896d-1fa1-4520-8ad9-9dbcaffdd95b');" title="Click to expand/collapse" style="cursor: pointer;">
	<div style="float:left;"><i>Class&nbsp;:&nbsp;</i>TestCaseDemo.Test3</div>
	<div style="float:right;">@Test @ with DataProvider : [""] &nbsp;&nbsp;<span id='span-2262896d-1fa1-4520-8ad9-9dbcaffdd95b' class="glyphicon glyphicon-menu-down"></span></div>
	</td>
	</tr>
<tr>
	<td class="time">1741156258246</td>
	<td class="methodTest">
		<span class="description"><b>Method: </b>TestMenu</span><br>
			<span class="description"><b>Description: </b></span><br>
							<span class="duration"><b>Duration: </b>2.272s</span><br>
	</td>
	<td class="result">
						<div class="noCollapse" id="2262896d-1fa1-4520-8ad9-9dbcaffdd95b" style="display: block;">
						<a href="javascript:toggleElement('exception-2262896d-1fa1-4520-8ad9-9dbcaffdd95b','block')" title="Click to expand/collapse"><b>org.openqa.selenium.remote.UnreachableBrowserException: Error communicating with the remote browser. It may have died.<br/>
Build info: version: &apos;4.29.0&apos;, revision: &apos;5fc1ec94cb&apos;<br/>
System info: os.name: &apos;Windows 11&apos;, os.arch: &apos;amd64&apos;, os.version: &apos;10.0&apos;, java.version: &apos;23.0.1&apos;<br/>
Driver info: org.openqa.selenium.chrome.ChromeDriver<br/>
Command: [2463553bfeedfcf32cf7df2847cd30a0, findElements [using, value]]<br/>
Capabilities {acceptInsecureCerts: false, browserName: chrome, browserVersion: 133.0.6943.143, chrome: {chromedriverVersion: 133.0.6943.141 (2a5d6da0d61..., userDataDir: C:\Users\SVSDEE~1\AppData\L...}, fedcm:accounts: true, goog:chromeOptions: {debuggerAddress: localhost:58607}, networkConnectionEnabled: false, pageLoadStrategy: normal, platformName: windows, proxy: Proxy(), se:cdp: ws://localhost:58607/devtoo..., se:cdpVersion: 133.0.6943.143, setWindowRect: true, strictFileInteractability: false, timeouts: {implicit: 0, pageLoad: 300000, script: 30000}, unhandledPromptBehavior: dismiss and notify, webauthn:extension:credBlob: true, webauthn:extension:largeBlob: true, webauthn:extension:minPinLength: true, webauthn:extension:prf: true, webauthn:virtualAuthenticators: true}<br/>
Session ID: 2463553bfeedfcf32cf7df2847cd30a0</b></a><br/>
		<div class="stackTrace" id="exception-2262896d-1fa1-4520-8ad9-9dbcaffdd95b">
					org.openqa.selenium.remote.RemoteWebDriver.execute(RemoteWebDriver.java:572)<br/>
					org.openqa.selenium.remote.ElementLocation$ElementFinder$2.findElements(ElementLocation.java:182)<br/>
					org.openqa.selenium.remote.ElementLocation.findElements(ElementLocation.java:103)<br/>
					org.openqa.selenium.remote.RemoteWebDriver.findElements(RemoteWebDriver.java:381)<br/>
					org.openqa.selenium.remote.RemoteWebDriver.findElements(RemoteWebDriver.java:375)<br/>
					org.openqa.selenium.support.ui.ExpectedConditions$8.apply(ExpectedConditions.java:221)<br/>
					org.openqa.selenium.support.ui.ExpectedConditions$8.apply(ExpectedConditions.java:218)<br/>
					org.openqa.selenium.support.ui.FluentWait.until(FluentWait.java:203)<br/>
					Locators.page2object.menuName(page2object.java:36)<br/>
					TestCaseDemo.Test3.TestMenu(Test3.java:41)<br/>
					java.base/jdk.internal.reflect.DirectMethodHandleAccessor.invoke(DirectMethodHandleAccessor.java:103)<br/>
					java.base/java.lang.reflect.Method.invoke(Method.java:580)<br/>
					org.testng.internal.invokers.MethodInvocationHelper.invokeMethod(MethodInvocationHelper.java:141)<br/>
					org.testng.internal.invokers.TestInvoker.invokeMethod(TestInvoker.java:686)<br/>
					org.testng.internal.invokers.TestInvoker.invokeTestMethod(TestInvoker.java:230)<br/>
					org.testng.internal.invokers.MethodRunner.runInSequence(MethodRunner.java:63)<br/>
					org.testng.internal.invokers.TestInvoker$MethodInvocationAgent.invoke(TestInvoker.java:992)<br/>
					org.testng.internal.invokers.TestInvoker.invokeTestMethods(TestInvoker.java:203)<br/>
					org.testng.internal.invokers.TestMethodWorker.invokeTestMethods(TestMethodWorker.java:154)<br/>
					org.testng.internal.invokers.TestMethodWorker.run(TestMethodWorker.java:134)<br/>
					java.base/java.util.concurrent.Executors$RunnableAdapter.call(Executors.java:572)<br/>
					java.base/java.util.concurrent.FutureTask.run(FutureTask.java:317)<br/>
					org.testng.internal.thread.graph.TestNGFutureTask.run(TestNGFutureTask.java:22)<br/>
					java.base/java.util.concurrent.ThreadPoolExecutor.runWorker(ThreadPoolExecutor.java:1144)<br/>
					java.base/java.util.concurrent.ThreadPoolExecutor$Worker.run(ThreadPoolExecutor.java:642)<br/>
					java.base/java.lang.Thread.run(Thread.java:1575)<br/>
							<b>Caused by: </b> <a href="javascript:toggleElement('causedBy-2262896d-1fa1-4520-8ad9-9dbcaffdd95b','block')" title="Click to expand/collapse">java.util.concurrent.RejectedExecutionException: Task java.util.concurrent.FutureTask@34ba27f[Not completed, task = java.util.concurrent.Executors$RunnableAdapter@4af94ee[Wrapped task = org.openqa.selenium.remote.http.jdk.JdkHttpClient$$Lambda/0x0000029ca8315c38@6f601219]] rejected from java.util.concurrent.ThreadPoolExecutor@67b4b3e8[Terminated, pool size = 0, active threads = 0, queued tasks = 0, completed tasks = 90]</a><br/>
			<div class="stackTrace" id="causedBy-2262896d-1fa1-4520-8ad9-9dbcaffdd95b">
							java.base/java.util.concurrent.ThreadPoolExecutor$AbortPolicy.rejectedExecution(ThreadPoolExecutor.java:2082)<br/>
							java.base/java.util.concurrent.ThreadPoolExecutor.reject(ThreadPoolExecutor.java:841)<br/>
							java.base/java.util.concurrent.ThreadPoolExecutor.execute(ThreadPoolExecutor.java:1377)<br/>
							java.base/java.util.concurrent.AbstractExecutorService.submit(AbstractExecutorService.java:124)<br/>
							org.openqa.selenium.remote.http.jdk.JdkHttpClient.executeAsync(JdkHttpClient.java:381)<br/>
							org.openqa.selenium.remote.http.jdk.JdkHttpClient.execute(JdkHttpClient.java:410)<br/>
							org.openqa.selenium.remote.HttpCommandExecutor.execute(HttpCommandExecutor.java:212)<br/>
							org.openqa.selenium.remote.service.DriverCommandExecutor.invokeExecute(DriverCommandExecutor.java:216)<br/>
							org.openqa.selenium.remote.service.DriverCommandExecutor.execute(DriverCommandExecutor.java:174)<br/>
							org.openqa.selenium.remote.RemoteWebDriver.execute(RemoteWebDriver.java:545)<br/>
							org.openqa.selenium.remote.ElementLocation$ElementFinder$2.findElements(ElementLocation.java:182)<br/>
							org.openqa.selenium.remote.ElementLocation.findElements(ElementLocation.java:103)<br/>
							org.openqa.selenium.remote.RemoteWebDriver.findElements(RemoteWebDriver.java:381)<br/>
							org.openqa.selenium.remote.RemoteWebDriver.findElements(RemoteWebDriver.java:375)<br/>
							org.openqa.selenium.support.ui.ExpectedConditions$8.apply(ExpectedConditions.java:221)<br/>
							org.openqa.selenium.support.ui.ExpectedConditions$8.apply(ExpectedConditions.java:218)<br/>
							org.openqa.selenium.support.ui.FluentWait.until(FluentWait.java:203)<br/>
							Locators.page2object.menuName(page2object.java:36)<br/>
							TestCaseDemo.Test3.TestMenu(Test3.java:41)<br/>
							java.base/jdk.internal.reflect.DirectMethodHandleAccessor.invoke(DirectMethodHandleAccessor.java:103)<br/>
							java.base/java.lang.reflect.Method.invoke(Method.java:580)<br/>
							org.testng.internal.invokers.MethodInvocationHelper.invokeMethod(MethodInvocationHelper.java:141)<br/>
							org.testng.internal.invokers.TestInvoker.invokeMethod(TestInvoker.java:686)<br/>
							org.testng.internal.invokers.TestInvoker.invokeTestMethod(TestInvoker.java:230)<br/>
							org.testng.internal.invokers.MethodRunner.runInSequence(MethodRunner.java:63)<br/>
							org.testng.internal.invokers.TestInvoker$MethodInvocationAgent.invoke(TestInvoker.java:992)<br/>
							org.testng.internal.invokers.TestInvoker.invokeTestMethods(TestInvoker.java:203)<br/>
							org.testng.internal.invokers.TestMethodWorker.invokeTestMethods(TestMethodWorker.java:154)<br/>
							org.testng.internal.invokers.TestMethodWorker.run(TestMethodWorker.java:134)<br/>
							java.base/java.util.concurrent.Executors$RunnableAdapter.call(Executors.java:572)<br/>
							java.base/java.util.concurrent.FutureTask.run(FutureTask.java:317)<br/>
							org.testng.internal.thread.graph.TestNGFutureTask.run(TestNGFutureTask.java:22)<br/>
							java.base/java.util.concurrent.ThreadPoolExecutor.runWorker(ThreadPoolExecutor.java:1144)<br/>
							java.base/java.util.concurrent.ThreadPoolExecutor$Worker.run(ThreadPoolExecutor.java:642)<br/>
							java.base/java.lang.Thread.run(Thread.java:1575)<br/>
						</div>
				</div>
		</td>
	</div>
</tr>
									<tr>
	<td class="time">1741156258279</td>
	<td class="header failed" colspan="4" onClick="toggleElement('9b0b4f0a-ff78-4e33-9b16-982c2a54a0a1','block');changeSingleIcon('span-9b0b4f0a-ff78-4e33-9b16-982c2a54a0a1');" title="Click to expand/collapse" style="cursor: pointer;">
	<div style="float:left;"><i>Class&nbsp;:&nbsp;</i>TestCaseDemo.test2</div>
	<div style="float:right;">@Test @ with DataProvider : ["dp1"] &nbsp;&nbsp;<span id='span-9b0b4f0a-ff78-4e33-9b16-982c2a54a0a1' class="glyphicon glyphicon-menu-down"></span></div>
	</td>
	</tr>
<tr>
	<td class="time">1741156258279</td>
	<td class="methodTest">
		<span class="description"><b>Method: </b>Testloginbutton</span><br>
			<span class="description"><b>Description: </b></span><br>
							<span class="duration"><b>Duration: </b>2.228s</span><br>
	</td>
	<td class="result">
					<i>Method arguments: </i><span class="arguments">"Admin", "admin123", "Dashboard"</span><br>
				<div class="noCollapse" id="9b0b4f0a-ff78-4e33-9b16-982c2a54a0a1" style="display: block;">
						<a href="javascript:toggleElement('exception-9b0b4f0a-ff78-4e33-9b16-982c2a54a0a1','block')" title="Click to expand/collapse"><b>org.openqa.selenium.remote.UnreachableBrowserException: Error communicating with the remote browser. It may have died.<br/>
Build info: version: &apos;4.29.0&apos;, revision: &apos;5fc1ec94cb&apos;<br/>
System info: os.name: &apos;Windows 11&apos;, os.arch: &apos;amd64&apos;, os.version: &apos;10.0&apos;, java.version: &apos;23.0.1&apos;<br/>
Driver info: org.openqa.selenium.chrome.ChromeDriver<br/>
Command: [2463553bfeedfcf32cf7df2847cd30a0, findElements [using, value]]<br/>
Capabilities {acceptInsecureCerts: false, browserName: chrome, browserVersion: 133.0.6943.143, chrome: {chromedriverVersion: 133.0.6943.141 (2a5d6da0d61..., userDataDir: C:\Users\SVSDEE~1\AppData\L...}, fedcm:accounts: true, goog:chromeOptions: {debuggerAddress: localhost:58607}, networkConnectionEnabled: false, pageLoadStrategy: normal, platformName: windows, proxy: Proxy(), se:cdp: ws://localhost:58607/devtoo..., se:cdpVersion: 133.0.6943.143, setWindowRect: true, strictFileInteractability: false, timeouts: {implicit: 0, pageLoad: 300000, script: 30000}, unhandledPromptBehavior: dismiss and notify, webauthn:extension:credBlob: true, webauthn:extension:largeBlob: true, webauthn:extension:minPinLength: true, webauthn:extension:prf: true, webauthn:virtualAuthenticators: true}<br/>
Session ID: 2463553bfeedfcf32cf7df2847cd30a0</b></a><br/>
		<div class="stackTrace" id="exception-9b0b4f0a-ff78-4e33-9b16-982c2a54a0a1">
					org.openqa.selenium.remote.RemoteWebDriver.execute(RemoteWebDriver.java:572)<br/>
					org.openqa.selenium.remote.ElementLocation$ElementFinder$2.findElements(ElementLocation.java:182)<br/>
					org.openqa.selenium.remote.ElementLocation.findElements(ElementLocation.java:103)<br/>
					org.openqa.selenium.remote.RemoteWebDriver.findElements(RemoteWebDriver.java:381)<br/>
					org.openqa.selenium.remote.RemoteWebDriver.findElements(RemoteWebDriver.java:375)<br/>
					org.openqa.selenium.support.ui.ExpectedConditions$8.apply(ExpectedConditions.java:221)<br/>
					org.openqa.selenium.support.ui.ExpectedConditions$8.apply(ExpectedConditions.java:218)<br/>
					org.openqa.selenium.support.ui.FluentWait.until(FluentWait.java:203)<br/>
					Locators.page2object.menuName(page2object.java:36)<br/>
					Pages.page2.MenuName(page2.java:43)<br/>
					TestCaseDemo.test2.Testloginbutton(test2.java:45)<br/>
					java.base/jdk.internal.reflect.DirectMethodHandleAccessor.invoke(DirectMethodHandleAccessor.java:103)<br/>
					java.base/java.lang.reflect.Method.invoke(Method.java:580)<br/>
					org.testng.internal.invokers.MethodInvocationHelper.invokeMethod(MethodInvocationHelper.java:141)<br/>
					org.testng.internal.invokers.TestInvoker.invokeMethod(TestInvoker.java:686)<br/>
					org.testng.internal.invokers.TestInvoker.invokeTestMethod(TestInvoker.java:230)<br/>
					org.testng.internal.invokers.MethodRunner.runInSequence(MethodRunner.java:63)<br/>
					org.testng.internal.invokers.TestInvoker$MethodInvocationAgent.invoke(TestInvoker.java:992)<br/>
					org.testng.internal.invokers.TestInvoker.invokeTestMethods(TestInvoker.java:203)<br/>
					org.testng.internal.invokers.TestMethodWorker.invokeTestMethods(TestMethodWorker.java:154)<br/>
					org.testng.internal.invokers.TestMethodWorker.run(TestMethodWorker.java:134)<br/>
					java.base/java.util.concurrent.Executors$RunnableAdapter.call(Executors.java:572)<br/>
					java.base/java.util.concurrent.FutureTask.run(FutureTask.java:317)<br/>
					org.testng.internal.thread.graph.TestNGFutureTask.run(TestNGFutureTask.java:22)<br/>
					java.base/java.util.concurrent.ThreadPoolExecutor.runWorker(ThreadPoolExecutor.java:1144)<br/>
					java.base/java.util.concurrent.ThreadPoolExecutor$Worker.run(ThreadPoolExecutor.java:642)<br/>
					java.base/java.lang.Thread.run(Thread.java:1575)<br/>
							<b>Caused by: </b> <a href="javascript:toggleElement('causedBy-9b0b4f0a-ff78-4e33-9b16-982c2a54a0a1','block')" title="Click to expand/collapse">java.util.concurrent.RejectedExecutionException: Task java.util.concurrent.FutureTask@5794e64e[Not completed, task = java.util.concurrent.Executors$RunnableAdapter@1b197360[Wrapped task = org.openqa.selenium.remote.http.jdk.JdkHttpClient$$Lambda/0x0000029ca8315c38@68cabbf1]] rejected from java.util.concurrent.ThreadPoolExecutor@67b4b3e8[Terminated, pool size = 0, active threads = 0, queued tasks = 0, completed tasks = 90]</a><br/>
			<div class="stackTrace" id="causedBy-9b0b4f0a-ff78-4e33-9b16-982c2a54a0a1">
							java.base/java.util.concurrent.ThreadPoolExecutor$AbortPolicy.rejectedExecution(ThreadPoolExecutor.java:2082)<br/>
							java.base/java.util.concurrent.ThreadPoolExecutor.reject(ThreadPoolExecutor.java:841)<br/>
							java.base/java.util.concurrent.ThreadPoolExecutor.execute(ThreadPoolExecutor.java:1377)<br/>
							java.base/java.util.concurrent.AbstractExecutorService.submit(AbstractExecutorService.java:124)<br/>
							org.openqa.selenium.remote.http.jdk.JdkHttpClient.executeAsync(JdkHttpClient.java:381)<br/>
							org.openqa.selenium.remote.http.jdk.JdkHttpClient.execute(JdkHttpClient.java:410)<br/>
							org.openqa.selenium.remote.HttpCommandExecutor.execute(HttpCommandExecutor.java:212)<br/>
							org.openqa.selenium.remote.service.DriverCommandExecutor.invokeExecute(DriverCommandExecutor.java:216)<br/>
							org.openqa.selenium.remote.service.DriverCommandExecutor.execute(DriverCommandExecutor.java:174)<br/>
							org.openqa.selenium.remote.RemoteWebDriver.execute(RemoteWebDriver.java:545)<br/>
							org.openqa.selenium.remote.ElementLocation$ElementFinder$2.findElements(ElementLocation.java:182)<br/>
							org.openqa.selenium.remote.ElementLocation.findElements(ElementLocation.java:103)<br/>
							org.openqa.selenium.remote.RemoteWebDriver.findElements(RemoteWebDriver.java:381)<br/>
							org.openqa.selenium.remote.RemoteWebDriver.findElements(RemoteWebDriver.java:375)<br/>
							org.openqa.selenium.support.ui.ExpectedConditions$8.apply(ExpectedConditions.java:221)<br/>
							org.openqa.selenium.support.ui.ExpectedConditions$8.apply(ExpectedConditions.java:218)<br/>
							org.openqa.selenium.support.ui.FluentWait.until(FluentWait.java:203)<br/>
							Locators.page2object.menuName(page2object.java:36)<br/>
							Pages.page2.MenuName(page2.java:43)<br/>
							TestCaseDemo.test2.Testloginbutton(test2.java:45)<br/>
							java.base/jdk.internal.reflect.DirectMethodHandleAccessor.invoke(DirectMethodHandleAccessor.java:103)<br/>
							java.base/java.lang.reflect.Method.invoke(Method.java:580)<br/>
							org.testng.internal.invokers.MethodInvocationHelper.invokeMethod(MethodInvocationHelper.java:141)<br/>
							org.testng.internal.invokers.TestInvoker.invokeMethod(TestInvoker.java:686)<br/>
							org.testng.internal.invokers.TestInvoker.invokeTestMethod(TestInvoker.java:230)<br/>
							org.testng.internal.invokers.MethodRunner.runInSequence(MethodRunner.java:63)<br/>
							org.testng.internal.invokers.TestInvoker$MethodInvocationAgent.invoke(TestInvoker.java:992)<br/>
							org.testng.internal.invokers.TestInvoker.invokeTestMethods(TestInvoker.java:203)<br/>
							org.testng.internal.invokers.TestMethodWorker.invokeTestMethods(TestMethodWorker.java:154)<br/>
							org.testng.internal.invokers.TestMethodWorker.run(TestMethodWorker.java:134)<br/>
							java.base/java.util.concurrent.Executors$RunnableAdapter.call(Executors.java:572)<br/>
							java.base/java.util.concurrent.FutureTask.run(FutureTask.java:317)<br/>
							org.testng.internal.thread.graph.TestNGFutureTask.run(TestNGFutureTask.java:22)<br/>
							java.base/java.util.concurrent.ThreadPoolExecutor.runWorker(ThreadPoolExecutor.java:1144)<br/>
							java.base/java.util.concurrent.ThreadPoolExecutor$Worker.run(ThreadPoolExecutor.java:642)<br/>
							java.base/java.lang.Thread.run(Thread.java:1575)<br/>
						</div>
				</div>
		</td>
	</div>
</tr>
						
				
												<tr>
			<td class="time">1741156258235</td>
			<td class="header passed" colspan="4" onClick="toggleElement('0d490b61-e72e-4865-b0d2-eddf4c9c3910','block');changeSingleIcon('span-0d490b61-e72e-4865-b0d2-eddf4c9c3910');" title="Click to expand/collapse" style="cursor: pointer;">
			<div style="float:left;"><i>Class&nbsp;:&nbsp;</i>TestCaseDemo.Test1</div>
			<div style="float:right;">@Test @ with DataProvider : ["title"] &nbsp;&nbsp;<span id='span-0d490b61-e72e-4865-b0d2-eddf4c9c3910' class="glyphicon glyphicon-menu-down"></span></div>
			</td>
			</tr>
			<tr>
	<td class="time">1741156258235</td>
	<td class="methodTest">
		<span class="description"><b>Method: </b>TestTitle</span><br>
			<span class="description"><b>Description: </b></span><br>
				<span class="description"><b>Priority: </b><font color='blue'>1</font></span><br>
						<span class="duration"><b>Duration: </b>0.423s</span><br>
	</td>
	<td class="result">
					<i>Method arguments: </i><span class="arguments">"OrangeHRM"</span><br>
				<div class="stackTrace" id="0d490b61-e72e-4865-b0d2-eddf4c9c3910" style="display: block;">
												Screenshot taken by name title<br>
								</td>
	</div>
</tr>
					  
	</tbody>
	</table>
</div>
</body>
</html>
